[MYLOG]🔄 Cleared test data storage before execution.
[MYLOG] :  [31m************************[   MOST ACTIVE FUTURE CONTRACTS   ]*********************[0m
[MYLOG] :  INDUSTOWER
[MYLOG] :  ETERNAL
[MYLOG] :  ICICIBANK
[MYLOG] :  VEDL
[MYLOG] :  RELIANCE
[MYLOG] :  HDFCBANK
[MYLOG] :  M&M
[MYLOG] :  INFY
[MYLOG] :  AXISBANK
[MYLOG] :  KOTAKBANK
[MYLOG] :  JINDALSTEL
[MYLOG] :  SBIN
[MYLOG] :  TATASTEEL
[MYLOG] :  HINDALCO
[MYLOG] :  TCS
[MYLOG] :  CGPOWER
[MYLOG] :  ITC
[MYLOG] :  GLENMARK
[MYLOG] :  KAYNES
[MYLOG] :  KALYANKJIL
[MYLOG] :  [31m************************[   MOST ACTIVE FUTURE CONTRACTS   ]*********************[0m
[MYLOG] :  [31m********************[  RISE In OI ad RISE In PRICE (BULLISH) ]*****************[0m
[MYLOG] :  MUTHOOTFIN
[MYLOG] :  KOTAKBANK
[MYLOG] :  JINDALSTEL
[MYLOG] :  M&M
[MYLOG] :  [31m********************[   RISE In OI ad RISE In PRICE (BULLISH) ]*****************[0m
[MYLOG] :  [31m********************[  SLIDE In OI RISE In PRICE  (BULLISH) ]*****************[0m
[MYLOG] :  BAJFINANCE
[MYLOG] :  MANAPPURAM
[MYLOG] :  DIXON
[MYLOG] :  HINDZINC
[MYLOG] :  YESBANK
[MYLOG] :  SBIN
[MYLOG] :  CGPOWER
[MYLOG] :  BANDHANBNK
[MYLOG] :  MARUTI
[MYLOG] :  INDIGO
[MYLOG] :  TATAPOWER
[MYLOG] :  KAYNES
[MYLOG] :  AXISBANK
[MYLOG] :  NATIONALUM
[MYLOG] :  NMDC
[MYLOG] :  HEROMOTOCO
[MYLOG] :  VEDL
[MYLOG] :  ITC
[MYLOG] :  INDHOTEL
[MYLOG] :  HDFCAMC
[MYLOG] :  BEL
[MYLOG] :  [31m********************[  SLIDE In OI RISE In PRICE  (BULLISH) ]*****************[0m
[MYLOG] :  [31m************************[  MOST ACTIVE STOCKS CALLS   ]*********************[0m
[MYLOG] :  JINDALSTEL
[MYLOG] :  MUTHOOTFIN
[MYLOG] :  INDUSTOWER
[MYLOG] :  M&M
[MYLOG] :  YESBANK
[MYLOG] :  RELIANCE
[MYLOG] :  ITC
[MYLOG] :  TATASTEEL
[MYLOG] :  VEDL
[MYLOG] :  DIXON
[MYLOG] :  CGPOWER
[MYLOG] :  ICICIBANK
[MYLOG] :  HINDALCO
[MYLOG] :  [31m************************[  MOST ACTIVE STOCKS CALLS   ]*********************[0m
[MYLOG] :  [31m******************[  MOST ACTIVE STOCKS PUTS  ]********************[0m
[MYLOG] :  INDUSTOWER
[MYLOG] :  INFY
[MYLOG] :  M&M
[MYLOG] :  ITC
[MYLOG] :  TATASTEEL
[MYLOG] :  TCS
[MYLOG] :  HDFCBANK
[MYLOG] :  SBIN
[MYLOG] :  MCX
[MYLOG] :  RELIANCE
[MYLOG] :  MARUTI
[MYLOG] :  [31m******************[  MOST ACTIVE STOCKS PUTS  ]********************[0m
[MYLOG] :  GLENMARK
[MYLOG] :  2.76%
[MYLOG] :  MUTHOOTFIN
[MYLOG] :  2.33%
[MYLOG] :  JINDALSTEL
[MYLOG] :  2.1%
[MYLOG] :  KAYNES
[MYLOG] :  2%
[MYLOG] :  GODREJPROP
[MYLOG] :  1.79%
[MYLOG] :  HDFCAMC
[MYLOG] :  1.7%
[MYLOG] :  FORTIS
[MYLOG] :  1.62%
[MYLOG] :  CGPOWER
[MYLOG] :  1.57%
[MYLOG] :  INDUSINDBK
[MYLOG] :  1.36%
[MYLOG] :  JSWSTEEL
[MYLOG] :  1.34%
[MYLOG] :  SBICARD
[MYLOG] :  1.25%
[MYLOG] :  PAYTM
[MYLOG] :  1.18%
[MYLOG] :  CIPLA
[MYLOG] :  1.17%
[MYLOG] :  UPL
[MYLOG] :  1.1%
[MYLOG] :  AMBUJACEM
[MYLOG] :  1.1%
[MYLOG] :  KALYANKJIL
[MYLOG] :  1.05%
[MYLOG] :  PRESTIGE
[MYLOG] :  1.01%
[MYLOG] :  LAURUSLABS
[MYLOG] :  1.01%
[MYLOG] :  ZYDUSLIFE
[MYLOG] :  0.99%
[MYLOG] :  DLF
[MYLOG] :  0.98%
[MYLOG] :  SYNGENE
[MYLOG] :  0.94%
[MYLOG] :  KPITTECH
[MYLOG] :  0.89%
[MYLOG] :  SBIN
[MYLOG] :  0.88%
[MYLOG] :  M&M
[MYLOG] :  0.87%
[MYLOG] :  INDHOTEL
[MYLOG] :  0.87%
[MYLOG]✅ All Test Data Collected: [INDUSTOWER, ETERNAL, ICICIBANK, VEDL, RELIANCE, HDFCBANK, M&M, INFY, AXISBANK, KOTAKBANK, JINDALSTEL, SBIN, TATASTEEL, HINDALCO, TCS, CGPOWER, ITC, GLENMARK, KAYNES, KALYANKJIL, MUTHOOTFIN, KOTAKBANK, JINDALSTEL, M&M, BAJFINANCE, MANAPPURAM, DIXON, HINDZINC, YESBANK, SBIN, CGPOWER, BANDHANBNK, MARUTI, INDIGO, TATAPOWER, KAYNES, AXISBANK, NATIONALUM, NMDC, HEROMOTOCO, VEDL, ITC, INDHOTEL, HDFCAMC, BEL, JINDALSTEL, MUTHOOTFIN, INDUSTOWER, M&M, YESBANK, RELIANCE, ITC, TATASTEEL, VEDL, DIXON, CGPOWER, ICICIBANK, HINDALCO, INDUSTOWER, INFY, M&M, ITC, TATASTEEL, TCS, HDFCBANK, SBIN, MCX, RELIANCE, MARUTI]
[MYLOG] 📊 Frequency Count:
[MYLOG] ICICIBANK - 2
[MYLOG] TATASTEEL - 3
[MYLOG] MCX - 1
[MYLOG] TCS - 2
[MYLOG] NATIONALUM - 1
[MYLOG] MANAPPURAM - 1
[MYLOG] ETERNAL - 1
[MYLOG] HDFCBANK - 2
[MYLOG] AXISBANK - 2
[MYLOG] MUTHOOTFIN - 2
[MYLOG] SBIN - 3
[MYLOG] MARUTI - 2
[MYLOG] NMDC - 1
[MYLOG] INFY - 2
[MYLOG] VEDL - 3
[MYLOG] INDUSTOWER - 3
[MYLOG] KAYNES - 2
[MYLOG] GLENMARK - 1
[MYLOG] HINDZINC - 1
[MYLOG] BEL - 1
[MYLOG] TATAPOWER - 1
[MYLOG] KOTAKBANK - 2
[MYLOG] JINDALSTEL - 3
[MYLOG] INDIGO - 1
[MYLOG] HEROMOTOCO - 1
[MYLOG] DIXON - 2
[MYLOG] KALYANKJIL - 1
[MYLOG] INDHOTEL - 1
[MYLOG] M&M - 4
[MYLOG] BANDHANBNK - 1
[MYLOG] CGPOWER - 3
[MYLOG] BAJFINANCE - 1
[MYLOG] ITC - 4
[MYLOG] HDFCAMC - 1
[MYLOG] YESBANK - 2
[MYLOG] HINDALCO - 2
[MYLOG] RELIANCE - 3
